=== Market Cap Auto-Sell Monitor ===

Sell trigger: $6000 market cap
Monitoring 10 tokens:

  SEEKBOT (wallet-1): 9T95V7S1y7L8...
  AVAULT (wallet-2): APXYEg1wQheu...
  NSWAP (wallet-3): 7PV9EpZXivde...
  PCHAIN (wallet-4): D8u7g47FCPtM...
  SEEDG (wallet-5): 8k51Q6gvA8nU...
  SKNET (wallet-6): FYVK2YQrXT47...
  MDAO (wallet-7): GFgbDMJmMmrK...
  TRELAY (wallet-8): AemCtvSpewGh...
  CSIGN (wallet-9): kynRpxt3ASUk...
  SWARM (wallet-10): F3kXwe6eF8hS...

Starting monitor (polling every 15s + WebSocket)...

WebSocket connected — subscribing to token trades...
  [9:55:23 AM] SKNET trade: mcap ~$2395 (buy)
  [9:55:26 AM] SEEKBOT: $5149 mcap (target: $6000)
  [9:55:27 AM] AVAULT: $5129 mcap (target: $6000)
  [9:55:29 AM] NSWAP: $5132 mcap (target: $6000)
  [9:55:31 AM] PCHAIN: $5122 mcap (target: $6000)
  [9:55:33 AM] SEEDG: $5142 mcap (target: $6000)
  [9:55:34 AM] SKNET: $5127 mcap (target: $6000)
  [9:55:36 AM] MDAO: $5273 mcap (target: $6000)
  [9:55:37 AM] CSIGN trade: mcap ~$2406 (buy)
  [9:55:38 AM] TRELAY: $5138 mcap (target: $6000)
  [9:55:40 AM] CSIGN: $5303 mcap (target: $6000)
  [9:55:41 AM] SWARM: $5155 mcap (target: $6000)
  [9:55:58 AM] SEEKBOT: $4834 mcap (target: $6000)
  [9:56:00 AM] AVAULT: $4814 mcap (target: $6000)
  [9:56:02 AM] NSWAP: $4818 mcap (target: $6000)
  [9:56:04 AM] PCHAIN: $4808 mcap (target: $6000)
  [9:56:06 AM] SEEDG: $4827 mcap (target: $6000)
  [9:56:08 AM] SKNET: $4813 mcap (target: $6000)
  [9:56:09 AM] MDAO: $4950 mcap (target: $6000)
  [9:56:11 AM] TRELAY: $4824 mcap (target: $6000)
  [9:56:13 AM] CSIGN: $4978 mcap (target: $6000)
  [9:56:15 AM] SWARM: $4840 mcap (target: $6000)
  [9:56:21 AM] SEEDG trade: mcap ~$2265 (buy)
  [9:56:32 AM] SEEKBOT: $4834 mcap (target: $6000)
  [9:56:33 AM] AVAULT: $4814 mcap (target: $6000)
  [9:56:35 AM] NSWAP: $4818 mcap (target: $6000)
  [9:56:37 AM] PCHAIN: $4808 mcap (target: $6000)
  [9:56:39 AM] SEEDG: $4830 mcap (target: $6000)
  [9:56:40 AM] SWARM trade: mcap ~$2440 (buy)
  [9:56:41 AM] SKNET: $4813 mcap (target: $6000)
  [9:56:43 AM] MDAO: $4950 mcap (target: $6000)
  [9:56:46 AM] AVAULT trade: mcap ~$2403 (buy)
  [9:56:46 AM] TRELAY: $4824 mcap (target: $6000)
  [9:56:48 AM] CSIGN: $4978 mcap (target: $6000)
  [9:56:50 AM] SWARM: $4855 mcap (target: $6000)
  [9:57:07 AM] SEEKBOT: $5158 mcap (target: $6000)
  [9:57:09 AM] AVAULT: $5141 mcap (target: $6000)
  [9:57:10 AM] NSWAP: $5141 mcap (target: $6000)
  [9:57:12 AM] PCHAIN: $5131 mcap (target: $6000)
  [9:57:14 AM] SEEDG: $5155 mcap (target: $6000)
  [9:57:15 AM] SKNET: $5136 mcap (target: $6000)
  [9:57:17 AM] MDAO: $5282 mcap (target: $6000)
  [9:57:20 AM] TRELAY: $5148 mcap (target: $6000)
  [9:57:22 AM] CSIGN: $5313 mcap (target: $6000)
  [9:57:23 AM] SWARM: $5181 mcap (target: $6000)
  [9:57:24 AM] TRELAY trade: mcap ~$2414 (buy)
  [9:57:40 AM] SEEKBOT: $4834 mcap (target: $6000)
  [9:57:42 AM] AVAULT: $4818 mcap (target: $6000)
  [9:57:43 AM] TRELAY trade: mcap ~$2277 (buy)
  [9:57:44 AM] NSWAP: $4818 mcap (target: $6000)
  [9:57:46 AM] PCHAIN: $4808 mcap (target: $6000)
  [9:57:47 AM] SEEDG: $4830 mcap (target: $6000)
  [9:57:49 AM] SKNET: $4813 mcap (target: $6000)
  [9:57:51 AM] MDAO: $4950 mcap (target: $6000)
  [9:57:53 AM] TRELAY: $4843 mcap (target: $6000)
  [9:57:54 AM] SWARM trade: mcap ~$2291 (buy)
  [9:57:54 AM] CSIGN: $4978 mcap (target: $6000)
  [9:57:56 AM] SWARM: $4858 mcap (target: $6000)
  [9:58:13 AM] SEEKBOT: $4834 mcap (target: $6000)
  [9:58:15 AM] AVAULT: $4818 mcap (target: $6000)
  [9:58:17 AM] NSWAP: $4818 mcap (target: $6000)
  [9:58:18 AM] PCHAIN: $4808 mcap (target: $6000)
  [9:58:20 AM] SEEDG: $4830 mcap (target: $6000)
  [9:58:22 AM] SKNET: $4813 mcap (target: $6000)
  [9:58:23 AM] MDAO: $4950 mcap (target: $6000)
  [9:58:25 AM] TRELAY: $4843 mcap (target: $6000)
  [9:58:27 AM] CSIGN: $4978 mcap (target: $6000)
  [9:58:29 AM] SWARM: $4858 mcap (target: $6000)
  [9:58:46 AM] SEEKBOT: $5160 mcap (target: $6000)
  [9:58:48 AM] AVAULT: $5143 mcap (target: $6000)
  [9:58:48 AM] NSWAP trade: mcap ~$2409 (buy)
  [9:58:49 AM] NSWAP: $5147 mcap (target: $6000)
  [9:58:51 AM] PCHAIN: $5133 mcap (target: $6000)
  [9:58:53 AM] SEEDG: $5157 mcap (target: $6000)
  [9:58:54 AM] SKNET: $5138 mcap (target: $6000)
  [9:58:56 AM] MDAO: $5285 mcap (target: $6000)
  [9:58:58 AM] TRELAY: $5170 mcap (target: $6000)
  [9:59:00 AM] CSIGN: $5315 mcap (target: $6000)
  [9:59:02 AM] SWARM: $5187 mcap (target: $6000)
  [9:59:02 AM] SEEDG trade: mcap ~$2437 (buy)
  [9:59:19 AM] SEEKBOT: $4834 mcap (target: $6000)
  [9:59:20 AM] AVAULT: $4818 mcap (target: $6000)
  [9:59:22 AM] NSWAP: $4821 mcap (target: $6000)
  [9:59:24 AM] PCHAIN: $4808 mcap (target: $6000)
  [9:59:25 AM] SEEDG: $4849 mcap (target: $6000)
  [9:59:27 AM] SKNET: $4813 mcap (target: $6000)
  [9:59:29 AM] MDAO: $4950 mcap (target: $6000)
  [9:59:31 AM] TRELAY: $4843 mcap (target: $6000)
  [9:59:32 AM] CSIGN: $4978 mcap (target: $6000)
  [9:59:34 AM] SWARM: $4858 mcap (target: $6000)
  [9:59:51 AM] SEEKBOT: $4834 mcap (target: $6000)
  [9:59:52 AM] SWARM trade: mcap ~$2308 (buy)
  [9:59:53 AM] AVAULT: $4818 mcap (target: $6000)
  [9:59:55 AM] NSWAP: $4821 mcap (target: $6000)
  [9:59:56 AM] PCHAIN: $4808 mcap (target: $6000)
  [9:59:58 AM] SEEDG: $4849 mcap (target: $6000)
  [10:00:00 AM] SKNET: $4813 mcap (target: $6000)
  [10:00:02 AM] MDAO: $4950 mcap (target: $6000)
  [10:00:04 AM] TRELAY: $4843 mcap (target: $6000)
  [10:00:06 AM] CSIGN: $4978 mcap (target: $6000)
  [10:00:07 AM] SWARM: $4875 mcap (target: $6000)
  [10:00:23 AM] MDAO trade: mcap ~$2545 (buy)
  [10:00:24 AM] SEEKBOT: $5165 mcap (target: $6000)
  [10:00:26 AM] AVAULT: $5148 mcap (target: $6000)
  [10:00:28 AM] NSWAP: $5151 mcap (target: $6000)
  [10:00:30 AM] PCHAIN: $5137 mcap (target: $6000)
  [10:00:32 AM] SEEDG: $5181 mcap (target: $6000)
  [10:00:33 AM] SKNET: $5142 mcap (target: $6000)
  [10:00:35 AM] MDAO: $5292 mcap (target: $6000)
  [10:00:37 AM] TRELAY: $5175 mcap (target: $6000)
  [10:00:39 AM] CSIGN: $5319 mcap (target: $6000)
  [10:00:40 AM] SWARM: $5209 mcap (target: $6000)
  [10:00:55 AM] TRELAY trade: mcap ~$2292 (buy)
  [10:00:57 AM] SEEKBOT: $4834 mcap (target: $6000)
  [10:00:59 AM] AVAULT: $4818 mcap (target: $6000)
  [10:01:01 AM] NSWAP: $4821 mcap (target: $6000)
  [10:01:03 AM] PCHAIN: $4808 mcap (target: $6000)
  [10:01:05 AM] SEEDG: $4849 mcap (target: $6000)
  [10:01:07 AM] SKNET: $4813 mcap (target: $6000)
  [10:01:08 AM] MDAO: $4953 mcap (target: $6000)
  [10:01:10 AM] TRELAY: $4859 mcap (target: $6000)
  [10:01:12 AM] CSIGN: $4978 mcap (target: $6000)
  [10:01:13 AM] SWARM: $4875 mcap (target: $6000)
  [10:01:23 AM] TRELAY trade: mcap ~$2295 (buy)
  [10:01:30 AM] SEEKBOT: $4834 mcap (target: $6000)
  [10:01:32 AM] AVAULT: $4818 mcap (target: $6000)
  [10:01:34 AM] NSWAP: $4821 mcap (target: $6000)
  [10:01:36 AM] PCHAIN: $4808 mcap (target: $6000)
  [10:01:37 AM] SEEDG: $4849 mcap (target: $6000)
  [10:01:39 AM] SKNET: $4813 mcap (target: $6000)
  [10:01:41 AM] MDAO: $4953 mcap (target: $6000)
  [10:01:42 AM] TRELAY: $4863 mcap (target: $6000)
  [10:01:44 AM] CSIGN: $4978 mcap (target: $6000)
  [10:01:46 AM] SWARM: $4875 mcap (target: $6000)
  [10:01:53 AM] SEEKBOT trade: mcap ~$2271 (buy)
  [10:02:04 AM] SEEKBOT: $5168 mcap (target: $6000)
  [10:02:06 AM] AVAULT: $5148 mcap (target: $6000)
  [10:02:08 AM] NSWAP: $5151 mcap (target: $6000)
  [10:02:09 AM] PCHAIN: $5137 mcap (target: $6000)
  [10:02:11 AM] SEEDG: $5181 mcap (target: $6000)
  [10:02:13 AM] SKNET: $5142 mcap (target: $6000)
  [10:02:15 AM] MDAO: $5292 mcap (target: $6000)
  [10:02:17 AM] TRELAY: $5196 mcap (target: $6000)
  [10:02:19 AM] CSIGN: $5319 mcap (target: $6000)
  [10:02:21 AM] SWARM: $5209 mcap (target: $6000)
  [10:02:23 AM] CSIGN trade: mcap ~$2586 (buy)
  [10:02:38 AM] SEEKBOT: $4837 mcap (target: $6000)
  [10:02:39 AM] AVAULT: $4818 mcap (target: $6000)
  [10:02:41 AM] NSWAP: $4821 mcap (target: $6000)
  [10:02:43 AM] PCHAIN: $4808 mcap (target: $6000)
  [10:02:44 AM] SEEDG: $4849 mcap (target: $6000)
  [10:02:46 AM] SKNET: $4813 mcap (target: $6000)
  [10:02:46 AM] PCHAIN trade: mcap ~$2247 (buy)
  [10:02:48 AM] MDAO: $4953 mcap (target: $6000)
  [10:02:50 AM] TRELAY: $4863 mcap (target: $6000)
  [10:02:51 AM] CSIGN: $4993 mcap (target: $6000)
  [10:02:53 AM] SWARM: $4875 mcap (target: $6000)
  [10:03:10 AM] SEEKBOT: $4837 mcap (target: $6000)
  [10:03:12 AM] AVAULT: $4818 mcap (target: $6000)
  [10:03:14 AM] NSWAP: $4821 mcap (target: $6000)
  [10:03:15 AM] PCHAIN: $4811 mcap (target: $6000)
  [10:03:16 AM] MDAO trade: mcap ~$2395 (buy)
  [10:03:17 AM] SEEDG: $4849 mcap (target: $6000)
  [10:03:19 AM] SKNET: $4813 mcap (target: $6000)
  [10:03:21 AM] MDAO: $4966 mcap (target: $6000)
  [10:03:23 AM] TRELAY: $4863 mcap (target: $6000)
  [10:03:26 AM] CSIGN: $4993 mcap (target: $6000)
  [10:03:28 AM] SWARM: $4875 mcap (target: $6000)
  [10:03:45 AM] SEEKBOT: $5178 mcap (target: $6000)
  [10:03:47 AM] AVAULT: $5157 mcap (target: $6000)
  [10:03:48 AM] NSWAP: $5161 mcap (target: $6000)
  [10:03:50 AM] PCHAIN: $5150 mcap (target: $6000)
  [10:03:52 AM] SEEDG: $5190 mcap (target: $6000)
  [10:03:53 AM] SKNET: $5152 mcap (target: $6000)
  [10:03:55 AM] MDAO: $5317 mcap (target: $6000)
  [10:03:57 AM] TRELAY: $5205 mcap (target: $6000)
  [10:03:58 AM] CSIGN: $5345 mcap (target: $6000)
  [10:04:00 AM] SWARM: $5219 mcap (target: $6000)
  [10:04:08 AM] CSIGN trade: mcap ~$2596 (buy)
  [10:04:17 AM] SEEKBOT: $5183 mcap (target: $6000)
  [10:04:19 AM] AVAULT: $5162 mcap (target: $6000)
  [10:04:21 AM] NSWAP: $5165 mcap (target: $6000)
  [10:04:23 AM] PCHAIN: $5155 mcap (target: $6000)
  [10:04:24 AM] SEEDG: $5195 mcap (target: $6000)
  [10:04:26 AM] SKNET: $5157 mcap (target: $6000)
  [10:04:28 AM] MDAO: $5322 mcap (target: $6000)
  [10:04:30 AM] TRELAY: $5210 mcap (target: $6000)
  [10:04:31 AM] CSIGN: $5353 mcap (target: $6000)
  [10:04:33 AM] SWARM: $5224 mcap (target: $6000)
  [10:04:50 AM] SEEKBOT: $5183 mcap (target: $6000)
  [10:04:52 AM] AVAULT: $5162 mcap (target: $6000)
  [10:04:54 AM] NSWAP: $5165 mcap (target: $6000)
  [10:04:55 AM] PCHAIN: $5155 mcap (target: $6000)
  [10:04:57 AM] SEEDG: $5195 mcap (target: $6000)
  [10:04:59 AM] SKNET: $5157 mcap (target: $6000)
  [10:05:01 AM] MDAO: $5322 mcap (target: $6000)
  [10:05:03 AM] TRELAY: $5210 mcap (target: $6000)
  [10:05:04 AM] CSIGN: $5353 mcap (target: $6000)
  [10:05:05 AM] SWARM trade: mcap ~$2476 (buy)
  [10:05:06 AM] SWARM: $5227 mcap (target: $6000)
  [10:05:23 AM] SEEKBOT: $5183 mcap (target: $6000)
  [10:05:25 AM] AVAULT: $5162 mcap (target: $6000)
  [10:05:26 AM] NSWAP: $5165 mcap (target: $6000)
  [10:05:28 AM] PCHAIN: $5155 mcap (target: $6000)
  [10:05:30 AM] SEEDG: $5195 mcap (target: $6000)
  [10:05:32 AM] SKNET: $5157 mcap (target: $6000)
  [10:05:33 AM] MDAO: $5322 mcap (target: $6000)
  [10:05:35 AM] TRELAY: $5210 mcap (target: $6000)
  [10:05:37 AM] CSIGN: $5353 mcap (target: $6000)
  [10:05:39 AM] SWARM: $5227 mcap (target: $6000)
  [10:05:53 AM] AVAULT trade: mcap ~$2256 (buy)
  [10:05:56 AM] SEEKBOT: $4837 mcap (target: $6000)
  [10:05:57 AM] AVAULT: $4821 mcap (target: $6000)
  [10:05:59 AM] NSWAP: $4821 mcap (target: $6000)
  [10:06:01 AM] PCHAIN: $4811 mcap (target: $6000)
  [10:06:02 AM] SEEDG: $4849 mcap (target: $6000)
  [10:06:04 AM] SKNET: $4813 mcap (target: $6000)
  [10:06:06 AM] MDAO: $4966 mcap (target: $6000)
  [10:06:08 AM] TRELAY: $4863 mcap (target: $6000)
  [10:06:09 AM] CSIGN: $4996 mcap (target: $6000)
  [10:06:11 AM] SWARM: $4879 mcap (target: $6000)
  [10:06:21 AM] SWARM trade: mcap ~$2314 (buy)
  [10:06:28 AM] SEEKBOT: $4837 mcap (target: $6000)
  [10:06:31 AM] AVAULT: $4821 mcap (target: $6000)
  [10:06:33 AM] NSWAP: $4821 mcap (target: $6000)
  [10:06:34 AM] PCHAIN: $4811 mcap (target: $6000)
  [10:06:36 AM] SEEDG: $4849 mcap (target: $6000)
  [10:06:38 AM] SKNET: $4813 mcap (target: $6000)
  [10:06:40 AM] MDAO: $4966 mcap (target: $6000)
  [10:06:42 AM] TRELAY: $4863 mcap (target: $6000)
  [10:06:43 AM] CSIGN: $4996 mcap (target: $6000)
  [10:06:45 AM] SKNET trade: mcap ~$2415 (buy)
  [10:06:45 AM] SWARM: $4882 mcap (target: $6000)
  [10:07:02 AM] SEEKBOT: $5187 mcap (target: $6000)
  [10:07:04 AM] AVAULT: $5170 mcap (target: $6000)
  [10:07:06 AM] NSWAP: $5170 mcap (target: $6000)
  [10:07:07 AM] PCHAIN: $5159 mcap (target: $6000)
  [10:07:09 AM] SEEDG: $5199 mcap (target: $6000)
  [10:07:11 AM] SKNET: $5165 mcap (target: $6000)
  [10:07:12 AM] MDAO: $5326 mcap (target: $6000)
  [10:07:14 AM] TRELAY: $5215 mcap (target: $6000)
  [10:07:16 AM] CSIGN: $5357 mcap (target: $6000)
  [10:07:18 AM] SWARM: $5235 mcap (target: $6000)
  [10:07:35 AM] SEEKBOT: $5195 mcap (target: $6000)
  [10:07:37 AM] AVAULT: $5178 mcap (target: $6000)
  [10:07:39 AM] NSWAP: $5178 mcap (target: $6000)
  [10:07:39 AM] NSWAP trade: mcap ~$2426 (buy)
  [10:07:40 AM] PCHAIN: $5167 mcap (target: $6000)
  [10:07:42 AM] SEEDG: $5207 mcap (target: $6000)
  [10:07:44 AM] SKNET: $5172 mcap (target: $6000)
  [10:07:46 AM] MDAO: $5334 mcap (target: $6000)
  [10:07:48 AM] TRELAY: $5222 mcap (target: $6000)
  [10:07:49 AM] CSIGN: $5365 mcap (target: $6000)
  [10:07:51 AM] SWARM: $5243 mcap (target: $6000)
  [10:08:09 AM] SEEKBOT: $5204 mcap (target: $6000)
  [10:08:11 AM] AVAULT: $5187 mcap (target: $6000)
  [10:08:13 AM] NSWAP: $5191 mcap (target: $6000)
  [10:08:14 AM] PCHAIN: $5177 mcap (target: $6000)
  [10:08:16 AM] SEEDG: $5217 mcap (target: $6000)
  [10:08:18 AM] SKNET: $5182 mcap (target: $6000)
  [10:08:19 AM] MDAO: $5344 mcap (target: $6000)
  [10:08:21 AM] TRELAY: $5232 mcap (target: $6000)
  [10:08:23 AM] CSIGN: $5375 mcap (target: $6000)
  [10:08:25 AM] SWARM: $5253 mcap (target: $6000)
  [10:08:37 AM] TRELAY trade: mcap ~$2299 (buy)
  [10:08:41 AM] SEEKBOT: $4837 mcap (target: $6000)
  [10:08:43 AM] AVAULT: $4821 mcap (target: $6000)
  [10:08:45 AM] NSWAP: $4824 mcap (target: $6000)
  [10:08:47 AM] PCHAIN: $4811 mcap (target: $6000)
  [10:08:50 AM] SEEDG: $4849 mcap (target: $6000)
  [10:08:52 AM] SKNET: $4816 mcap (target: $6000)
  [10:08:54 AM] MDAO: $4966 mcap (target: $6000)
  [10:08:55 AM] TRELAY: $4866 mcap (target: $6000)
  [10:08:57 AM] CSIGN: $4996 mcap (target: $6000)
  [10:08:59 AM] SWARM: $4882 mcap (target: $6000)
  [10:09:16 AM] SEEKBOT: $4837 mcap (target: $6000)
  [10:09:18 AM] AVAULT: $4821 mcap (target: $6000)
  [10:09:19 AM] NSWAP: $4824 mcap (target: $6000)
  [10:09:21 AM] PCHAIN: $4811 mcap (target: $6000)
  [10:09:22 AM] SEEKBOT trade: mcap ~$2274 (buy)
  [10:09:23 AM] SEEDG: $4849 mcap (target: $6000)
  [10:09:24 AM] SKNET: $4816 mcap (target: $6000)
  [10:09:26 AM] CSIGN trade: mcap ~$2436 (buy)
  [10:09:26 AM] MDAO: $4966 mcap (target: $6000)
  [10:09:28 AM] TRELAY: $4866 mcap (target: $6000)
  [10:09:29 AM] CSIGN: $5010 mcap (target: $6000)
  [10:09:31 AM] SWARM: $4882 mcap (target: $6000)
  [10:09:48 AM] SEEKBOT: $5219 mcap (target: $6000)
  [10:09:50 AM] AVAULT: $5198 mcap (target: $6000)
  [10:09:52 AM] NSWAP: $5201 mcap (target: $6000)
  [10:09:54 AM] PCHAIN: $5188 mcap (target: $6000)
  [10:09:56 AM] SEEDG: $5228 mcap (target: $6000)
  [10:09:57 AM] SKNET: $5193 mcap (target: $6000)
  [10:09:59 AM] MDAO: $5355 mcap (target: $6000)
  [10:10:01 AM] TRELAY: $5247 mcap (target: $6000)
  [10:10:03 AM] CSIGN: $5402 mcap (target: $6000)
  [10:10:04 AM] SWARM: $5264 mcap (target: $6000)
  [10:10:20 AM] TRELAY trade: mcap ~$2486 (buy)
  [10:10:21 AM] SEEKBOT: $5227 mcap (target: $6000)
  [10:10:23 AM] AVAULT: $5206 mcap (target: $6000)
  [10:10:25 AM] NSWAP: $5210 mcap (target: $6000)
  [10:10:26 AM] PCHAIN: $5196 mcap (target: $6000)
  [10:10:28 AM] SEEDG: $5236 mcap (target: $6000)
  [10:10:30 AM] SKNET: $5201 mcap (target: $6000)
  [10:10:32 AM] MDAO: $5364 mcap (target: $6000)
  [10:10:33 AM] TRELAY: $5259 mcap (target: $6000)
  [10:10:35 AM] CSIGN: $5410 mcap (target: $6000)
  [10:10:37 AM] SWARM: $5272 mcap (target: $6000)
  [10:10:50 AM] SWARM trade: mcap ~$2502 (buy)
  [10:10:54 AM] SEEKBOT: $4840 mcap (target: $6000)
  [10:10:56 AM] AVAULT: $4821 mcap (target: $6000)
  [10:10:57 AM] NSWAP: $4824 mcap (target: $6000)
  [10:10:59 AM] PCHAIN: $4811 mcap (target: $6000)
  [10:11:01 AM] SEEDG: $4849 mcap (target: $6000)
  [10:11:03 AM] SKNET: $4816 mcap (target: $6000)
  [10:11:05 AM] MDAO: $4966 mcap (target: $6000)
  [10:11:06 AM] TRELAY: $4869 mcap (target: $6000)
  [10:11:08 AM] CSIGN: $5010 mcap (target: $6000)
  [10:11:10 AM] SWARM: $4885 mcap (target: $6000)
  [10:11:27 AM] SEEKBOT: $4840 mcap (target: $6000)
  [10:11:29 AM] AVAULT: $4821 mcap (target: $6000)
  [10:11:30 AM] NSWAP: $4824 mcap (target: $6000)
  [10:11:32 AM] PCHAIN: $4811 mcap (target: $6000)
  [10:11:34 AM] SEEDG: $4849 mcap (target: $6000)
  [10:11:36 AM] SKNET: $4816 mcap (target: $6000)
  [10:11:36 AM] SEEKBOT trade: mcap ~$2277 (buy)
  [10:11:37 AM] MDAO: $4966 mcap (target: $6000)
  [10:11:40 AM] TRELAY: $4869 mcap (target: $6000)
  [10:11:42 AM] CSIGN: $5010 mcap (target: $6000)
  [10:11:44 AM] SWARM: $4885 mcap (target: $6000)
  [10:12:01 AM] SEEKBOT: $5234 mcap (target: $6000)
  [10:12:03 AM] AVAULT: $5209 mcap (target: $6000)
  [10:12:05 AM] NSWAP: $5213 mcap (target: $6000)
  [10:12:06 AM] PCHAIN: $5199 mcap (target: $6000)
  [10:12:08 AM] SEEDG: $5239 mcap (target: $6000)
  [10:12:10 AM] SKNET: $5204 mcap (target: $6000)
  [10:12:12 AM] MDAO: $5367 mcap (target: $6000)
  [10:12:13 AM] TRELAY: $5262 mcap (target: $6000)
  [10:12:15 AM] CSIGN: $5414 mcap (target: $6000)
  [10:12:17 AM] SWARM: $5279 mcap (target: $6000)
  [10:12:34 AM] SEEKBOT: $5242 mcap (target: $6000)
  [10:12:36 AM] AVAULT: $5217 mcap (target: $6000)
  [10:12:37 AM] NSWAP: $5221 mcap (target: $6000)
  [10:12:39 AM] PCHAIN: $5207 mcap (target: $6000)
  [10:12:41 AM] SEEDG: $5247 mcap (target: $6000)
  [10:12:42 AM] SKNET: $5212 mcap (target: $6000)
  [10:12:44 AM] MDAO: $5375 mcap (target: $6000)
  [10:12:46 AM] TRELAY: $5270 mcap (target: $6000)
  [10:12:48 AM] CSIGN: $5422 mcap (target: $6000)
  [10:12:50 AM] SWARM: $5287 mcap (target: $6000)
  [10:13:07 AM] SEEKBOT: $5253 mcap (target: $6000)
  [10:13:08 AM] AVAULT: $5229 mcap (target: $6000)
  [10:13:10 AM] NSWAP: $5232 mcap (target: $6000)
  [10:13:12 AM] PCHAIN: $5218 mcap (target: $6000)
  [10:13:14 AM] SEEDG: $5259 mcap (target: $6000)
  [10:13:15 AM] SKNET: $5224 mcap (target: $6000)
  [10:13:17 AM] MDAO: $5387 mcap (target: $6000)
  [10:13:19 AM] TRELAY: $5281 mcap (target: $6000)
  [10:13:21 AM] CSIGN: $5434 mcap (target: $6000)
  [10:13:22 AM] SWARM: $5298 mcap (target: $6000)
  [10:13:39 AM] SEEKBOT: $5253 mcap (target: $6000)
  [10:13:41 AM] AVAULT: $5229 mcap (target: $6000)
  [10:13:43 AM] NSWAP: $5232 mcap (target: $6000)
  [10:13:45 AM] PCHAIN: $5218 mcap (target: $6000)
  [10:13:46 AM] SEEDG: $5259 mcap (target: $6000)
  [10:13:48 AM] SKNET: $5224 mcap (target: $6000)
  [10:13:50 AM] MDAO: $5387 mcap (target: $6000)
  [10:13:51 AM] TRELAY: $5281 mcap (target: $6000)
  [10:13:53 AM] CSIGN: $5434 mcap (target: $6000)
  [10:13:55 AM] SWARM: $5298 mcap (target: $6000)
  [10:13:59 AM] TRELAY trade: mcap ~$2500 (buy)
  [10:14:12 AM] SEEKBOT: $5269 mcap (target: $6000)
  [10:14:14 AM] AVAULT: $5244 mcap (target: $6000)
  [10:14:16 AM] NSWAP: $5248 mcap (target: $6000)
  [10:14:18 AM] PCHAIN: $5234 mcap (target: $6000)
  [10:14:20 AM] SEEDG: $5275 mcap (target: $6000)
  [10:14:22 AM] SKNET: $5239 mcap (target: $6000)
  [10:14:23 AM] MDAO: $5403 mcap (target: $6000)
  [10:14:25 AM] TRELAY: $5300 mcap (target: $6000)
  [10:14:27 AM] CSIGN: $5450 mcap (target: $6000)
  [10:14:28 AM] SWARM: $5314 mcap (target: $6000)
  [10:14:46 AM] SEEKBOT: $5269 mcap (target: $6000)
  [10:14:47 AM] AVAULT: $5244 mcap (target: $6000)
  [10:14:49 AM] NSWAP: $5248 mcap (target: $6000)
  [10:14:51 AM] PCHAIN: $5234 mcap (target: $6000)
  [10:14:53 AM] SEEDG: $5275 mcap (target: $6000)
  [10:14:54 AM] SKNET: $5239 mcap (target: $6000)
  [10:14:57 AM] MDAO: $5403 mcap (target: $6000)
  [10:14:59 AM] TRELAY: $5300 mcap (target: $6000)
  [10:15:01 AM] CSIGN: $5450 mcap (target: $6000)
  [10:15:03 AM] SWARM: $5314 mcap (target: $6000)
  [10:15:20 AM] SEEKBOT: $5272 mcap (target: $6000)
  [10:15:22 AM] AVAULT: $5247 mcap (target: $6000)
  [10:15:23 AM] NSWAP: $5251 mcap (target: $6000)
  [10:15:25 AM] PCHAIN: $5237 mcap (target: $6000)
  [10:15:27 AM] SEEDG: $5278 mcap (target: $6000)
  [10:15:29 AM] SKNET: $5242 mcap (target: $6000)
  [10:15:30 AM] MDAO: $5406 mcap (target: $6000)
  [10:15:32 AM] TRELAY: $5303 mcap (target: $6000)
  [10:15:34 AM] CSIGN: $5453 mcap (target: $6000)
  [10:15:36 AM] SWARM: $5317 mcap (target: $6000)
  [10:15:43 AM] AVAULT trade: mcap ~$2459 (buy)
  [10:15:53 AM] SEEKBOT: $5272 mcap (target: $6000)
  [10:15:55 AM] AVAULT: $5251 mcap (target: $6000)
  [10:15:56 AM] NSWAP: $5251 mcap (target: $6000)
  [10:15:58 AM] PCHAIN: $5237 mcap (target: $6000)
  [10:16:00 AM] SEEDG: $5278 mcap (target: $6000)
  [10:16:01 AM] SKNET: $5242 mcap (target: $6000)
  [10:16:03 AM] MDAO: $5406 mcap (target: $6000)
  [10:16:05 AM] TRELAY: $5303 mcap (target: $6000)
  [10:16:07 AM] CSIGN: $5453 mcap (target: $6000)
  [10:16:08 AM] SWARM: $5317 mcap (target: $6000)
  [10:16:26 AM] SEEKBOT: $5290 mcap (target: $6000)
  [10:16:27 AM] SEEKBOT trade: mcap ~$2491 (buy)
  [10:16:27 AM] AVAULT: $5269 mcap (target: $6000)
  [10:16:29 AM] NSWAP: $5269 mcap (target: $6000)
  [10:16:31 AM] PCHAIN: $5255 mcap (target: $6000)
  [10:16:33 AM] SEEDG: $5296 mcap (target: $6000)
  [10:16:34 AM] SKNET: $5260 mcap (target: $6000)
  [10:16:36 AM] MDAO: $5425 mcap (target: $6000)
  [10:16:38 AM] TRELAY: $5322 mcap (target: $6000)
  [10:16:40 AM] CSIGN: $5472 mcap (target: $6000)
  [10:16:42 AM] SWARM: $5336 mcap (target: $6000)
  [10:16:59 AM] SEEKBOT: $5293 mcap (target: $6000)
  [10:17:01 AM] AVAULT: $5269 mcap (target: $6000)
  [10:17:03 AM] NSWAP: $5269 mcap (target: $6000)
  [10:17:05 AM] PCHAIN: $5255 mcap (target: $6000)
  [10:17:06 AM] SEEDG: $5296 mcap (target: $6000)
  [10:17:08 AM] SKNET: $5260 mcap (target: $6000)
  [10:17:10 AM] MDAO: $5425 mcap (target: $6000)
  [10:17:11 AM] TRELAY: $5322 mcap (target: $6000)
  [10:17:13 AM] CSIGN: $5472 mcap (target: $6000)
  [10:17:15 AM] SWARM: $5336 mcap (target: $6000)
  [10:17:32 AM] SEEKBOT: $5295 mcap (target: $6000)
  [10:17:34 AM] AVAULT: $5271 mcap (target: $6000)
  [10:17:36 AM] NSWAP: $5271 mcap (target: $6000)
  [10:17:37 AM] PCHAIN: $5257 mcap (target: $6000)
  [10:17:39 AM] SEEDG: $5298 mcap (target: $6000)
  [10:17:40 AM] SKNET trade: mcap ~$2463 (buy)
  [10:17:41 AM] SKNET: $5266 mcap (target: $6000)
  [10:17:43 AM] MDAO: $5426 mcap (target: $6000)
  [10:17:44 AM] TRELAY: $5324 mcap (target: $6000)
  [10:17:46 AM] CSIGN: $5474 mcap (target: $6000)
  [10:17:48 AM] SWARM: $5337 mcap (target: $6000)
  [10:18:05 AM] SEEKBOT: $5295 mcap (target: $6000)
  [10:18:07 AM] AVAULT: $5271 mcap (target: $6000)
  [10:18:09 AM] NSWAP: $5271 mcap (target: $6000)
  [10:18:11 AM] PCHAIN: $5257 mcap (target: $6000)
  [10:18:12 AM] SEEDG: $5298 mcap (target: $6000)
  [10:18:14 AM] SKNET: $5266 mcap (target: $6000)
  [10:18:16 AM] MDAO: $5426 mcap (target: $6000)
  [10:18:17 AM] TRELAY: $5324 mcap (target: $6000)
  [10:18:19 AM] CSIGN: $5474 mcap (target: $6000)
  [10:18:21 AM] SWARM: $5337 mcap (target: $6000)
  [10:18:24 AM] PCHAIN trade: mcap ~$2464 (buy)
  [10:18:38 AM] SEEKBOT: $5307 mcap (target: $6000)
  [10:18:40 AM] AVAULT: $5282 mcap (target: $6000)
  [10:18:42 AM] NSWAP: $5282 mcap (target: $6000)
  [10:18:43 AM] PCHAIN: $5272 mcap (target: $6000)
  [10:18:45 AM] SEEDG: $5309 mcap (target: $6000)
  [10:18:47 AM] SKNET: $5277 mcap (target: $6000)
  [10:18:49 AM] MDAO: $5438 mcap (target: $6000)
  [10:18:50 AM] TRELAY: $5335 mcap (target: $6000)
  [10:18:52 AM] CSIGN: $5486 mcap (target: $6000)
  [10:18:54 AM] SWARM: $5349 mcap (target: $6000)
  [10:19:11 AM] SEEKBOT: $5313 mcap (target: $6000)
  [10:19:13 AM] AVAULT: $5289 mcap (target: $6000)
  [10:19:15 AM] NSWAP: $5289 mcap (target: $6000)
  [10:19:16 AM] PCHAIN: $5278 mcap (target: $6000)
  [10:19:18 AM] SEEDG: $5316 mcap (target: $6000)
  [10:19:20 AM] SKNET: $5284 mcap (target: $6000)
  [10:19:23 AM] MDAO: $5445 mcap (target: $6000)
  [10:19:24 AM] TRELAY: $5342 mcap (target: $6000)
  [10:19:26 AM] CSIGN: $5492 mcap (target: $6000)
  [10:19:28 AM] SWARM: $5356 mcap (target: $6000)
  [10:19:45 AM] SEEKBOT: $5313 mcap (target: $6000)
  [10:19:47 AM] AVAULT: $5289 mcap (target: $6000)
  [10:19:49 AM] NSWAP: $5289 mcap (target: $6000)
  [10:19:51 AM] PCHAIN: $5278 mcap (target: $6000)
  [10:19:53 AM] SEEDG: $5316 mcap (target: $6000)
  [10:19:56 AM] SKNET: $5284 mcap (target: $6000)
  [10:19:57 AM] MDAO: $5445 mcap (target: $6000)
  [10:19:59 AM] TRELAY: $5342 mcap (target: $6000)
  [10:20:01 AM] CSIGN: $5492 mcap (target: $6000)
  [10:20:03 AM] SWARM: $5356 mcap (target: $6000)
  [10:20:13 AM] SWARM trade: mcap ~$2543 (buy)
  [10:20:20 AM] SEEKBOT: $5313 mcap (target: $6000)
  [10:20:22 AM] AVAULT: $5289 mcap (target: $6000)
  [10:20:23 AM] NSWAP: $5289 mcap (target: $6000)
  [10:20:25 AM] PCHAIN: $5278 mcap (target: $6000)
  [10:20:27 AM] SEEDG: $5316 mcap (target: $6000)
  [10:20:29 AM] SKNET: $5284 mcap (target: $6000)
  [10:20:30 AM] MDAO: $5445 mcap (target: $6000)
  [10:20:32 AM] TRELAY: $5342 mcap (target: $6000)
  [10:20:34 AM] CSIGN: $5492 mcap (target: $6000)
  [10:20:36 AM] SWARM: $5359 mcap (target: $6000)
  [10:20:42 AM] SEEKBOT trade: mcap ~$2488 (sell)
  [10:20:53 AM] SEEKBOT: $4835 mcap (target: $6000)
  [10:20:54 AM] AVAULT: $4824 mcap (target: $6000)
  [10:20:56 AM] NSWAP: $4824 mcap (target: $6000)
  [10:20:58 AM] PCHAIN: $4814 mcap (target: $6000)
  [10:21:00 AM] SEEDG: $4849 mcap (target: $6000)
  [10:21:02 AM] SKNET: $4819 mcap (target: $6000)
  [10:21:03 AM] MDAO: $4966 mcap (target: $6000)
  [10:21:05 AM] TRELAY: $4872 mcap (target: $6000)
  [10:21:07 AM] CSIGN: $5010 mcap (target: $6000)
  [10:21:09 AM] SWARM: $4888 mcap (target: $6000)
  [10:21:26 AM] SEEKBOT: $4835 mcap (target: $6000)
  [10:21:28 AM] AVAULT: $4824 mcap (target: $6000)
  [10:21:29 AM] NSWAP: $4824 mcap (target: $6000)
  [10:21:31 AM] PCHAIN: $4814 mcap (target: $6000)
  [10:21:33 AM] SEEDG: $4849 mcap (target: $6000)
  [10:21:34 AM] SKNET: $4819 mcap (target: $6000)
  [10:21:36 AM] MDAO: $4966 mcap (target: $6000)
  [10:21:38 AM] TRELAY: $4872 mcap (target: $6000)
  [10:21:40 AM] CSIGN: $5010 mcap (target: $6000)
  [10:21:41 AM] SWARM: $4888 mcap (target: $6000)
  [10:21:58 AM] SEEKBOT: $5298 mcap (target: $6000)
  [10:22:00 AM] AVAULT: $5286 mcap (target: $6000)
  [10:22:02 AM] NSWAP: $5286 mcap (target: $6000)
  [10:22:04 AM] PCHAIN: $5275 mcap (target: $6000)
  [10:22:05 AM] SEEDG: $5313 mcap (target: $6000)
  [10:22:07 AM] SKNET: $5281 mcap (target: $6000)
  [10:22:09 AM] MDAO: $5442 mcap (target: $6000)
  [10:22:12 AM] TRELAY: $5339 mcap (target: $6000)
  [10:22:13 AM] CSIGN: $5489 mcap (target: $6000)
  [10:22:15 AM] SWARM: $5356 mcap (target: $6000)
  [10:22:32 AM] SEEKBOT: $5298 mcap (target: $6000)
  [10:22:34 AM] AVAULT: $5286 mcap (target: $6000)
  [10:22:36 AM] NSWAP: $5286 mcap (target: $6000)
  [10:22:37 AM] PCHAIN: $5275 mcap (target: $6000)
  [10:22:39 AM] SEEDG: $5313 mcap (target: $6000)
  [10:22:41 AM] SKNET: $5281 mcap (target: $6000)
  [10:22:42 AM] MDAO: $5442 mcap (target: $6000)
  [10:22:43 AM] PCHAIN trade: mcap ~$2469 (buy)
  [10:22:44 AM] TRELAY: $5339 mcap (target: $6000)
  [10:22:46 AM] CSIGN: $5489 mcap (target: $6000)
  [10:22:48 AM] SWARM: $5356 mcap (target: $6000)
  [10:23:05 AM] SEEKBOT: $5298 mcap (target: $6000)
  [10:23:06 AM] AVAULT: $5286 mcap (target: $6000)
  [10:23:08 AM] NSWAP: $5286 mcap (target: $6000)
  [10:23:10 AM] PCHAIN: $5279 mcap (target: $6000)
  [10:23:12 AM] SEEDG: $5313 mcap (target: $6000)
  [10:23:13 AM] SKNET: $5281 mcap (target: $6000)
  [10:23:15 AM] MDAO: $5442 mcap (target: $6000)
  [10:23:17 AM] TRELAY: $5339 mcap (target: $6000)
  [10:23:19 AM] CSIGN: $5489 mcap (target: $6000)
  [10:23:20 AM] SWARM: $5356 mcap (target: $6000)
  [10:23:38 AM] SEEKBOT: $5304 mcap (target: $6000)
  [10:23:39 AM] AVAULT: $5291 mcap (target: $6000)
  [10:23:41 AM] NSWAP: $5291 mcap (target: $6000)
  [10:23:43 AM] PCHAIN: $5284 mcap (target: $6000)
  [10:23:45 AM] SEEDG: $5318 mcap (target: $6000)
  [10:23:46 AM] SKNET: $5286 mcap (target: $6000)
  [10:23:48 AM] MDAO: $5448 mcap (target: $6000)
  [10:23:50 AM] TRELAY: $5344 mcap (target: $6000)
  [10:23:51 AM] CSIGN: $5495 mcap (target: $6000)
  [10:23:53 AM] SWARM: $5362 mcap (target: $6000)
  [10:23:58 AM] TRELAY trade: mcap ~$2531 (buy)
  [10:24:10 AM] SEEKBOT: $5311 mcap (target: $6000)
  [10:24:12 AM] AVAULT: $5299 mcap (target: $6000)
  [10:24:15 AM] NSWAP: $5299 mcap (target: $6000)
  [10:24:16 AM] PCHAIN: $5292 mcap (target: $6000)
  [10:24:18 AM] SEEDG: $5326 mcap (target: $6000)
  [10:24:20 AM] SKNET: $5294 mcap (target: $6000)
  [10:24:22 AM] MDAO: $5456 mcap (target: $6000)
  [10:24:23 AM] TRELAY: $5356 mcap (target: $6000)
  [10:24:25 AM] CSIGN: $5503 mcap (target: $6000)
  [10:24:27 AM] SWARM: $5370 mcap (target: $6000)
  [10:24:44 AM] SEEKBOT: $5311 mcap (target: $6000)
  [10:24:46 AM] AVAULT: $5299 mcap (target: $6000)
  [10:24:48 AM] NSWAP: $5299 mcap (target: $6000)
  [10:24:49 AM] PCHAIN: $5292 mcap (target: $6000)
  [10:24:51 AM] SEEDG: $5326 mcap (target: $6000)
  [10:24:53 AM] SKNET: $5294 mcap (target: $6000)
  [10:24:54 AM] MDAO: $5456 mcap (target: $6000)
  [10:24:56 AM] TRELAY: $5356 mcap (target: $6000)
  [10:24:58 AM] CSIGN: $5503 mcap (target: $6000)
  [10:25:00 AM] SWARM: $5370 mcap (target: $6000)
  [10:25:17 AM] SEEKBOT: $5311 mcap (target: $6000)
  [10:25:18 AM] AVAULT: $5299 mcap (target: $6000)
  [10:25:20 AM] NSWAP: $5299 mcap (target: $6000)
  [10:25:22 AM] PCHAIN: $5292 mcap (target: $6000)
  [10:25:24 AM] SEEDG: $5326 mcap (target: $6000)
  [10:25:25 AM] SKNET: $5294 mcap (target: $6000)
  [10:25:27 AM] MDAO: $5456 mcap (target: $6000)
  [10:25:29 AM] TRELAY: $5356 mcap (target: $6000)
  [10:25:31 AM] CSIGN: $5503 mcap (target: $6000)
  [10:25:32 AM] SWARM trade: mcap ~$2545 (sell)
  [10:25:32 AM] SWARM: $5366 mcap (target: $6000)
  [10:25:35 AM] SWARM trade: mcap ~$2548 (buy)
  [10:25:50 AM] SEEKBOT: $4835 mcap (target: $6000)
  [10:25:51 AM] AVAULT: $4824 mcap (target: $6000)
  [10:25:53 AM] NSWAP: $4824 mcap (target: $6000)
  [10:25:55 AM] PCHAIN: $4818 mcap (target: $6000)
  [10:25:56 AM] SEEDG: $4849 mcap (target: $6000)
  [10:25:58 AM] SKNET: $4819 mcap (target: $6000)
  [10:26:00 AM] MDAO: $4966 mcap (target: $6000)
  [10:26:02 AM] TRELAY: $4875 mcap (target: $6000)
  [10:26:03 AM] CSIGN: $5010 mcap (target: $6000)
  [10:26:05 AM] SWARM: $4888 mcap (target: $6000)
  [10:26:22 AM] SEEKBOT: $4835 mcap (target: $6000)
  [10:26:24 AM] AVAULT: $4824 mcap (target: $6000)
  [10:26:26 AM] NSWAP: $4824 mcap (target: $6000)
  [10:26:27 AM] PCHAIN: $4818 mcap (target: $6000)
  [10:26:29 AM] SEEDG: $4849 mcap (target: $6000)
  [10:26:31 AM] SKNET: $4819 mcap (target: $6000)
  [10:26:33 AM] MDAO: $4966 mcap (target: $6000)
  [10:26:35 AM] TRELAY: $4875 mcap (target: $6000)
  [10:26:38 AM] CSIGN: $5010 mcap (target: $6000)
  [10:26:39 AM] SWARM: $4888 mcap (target: $6000)
  [10:26:56 AM] SEEKBOT: $5310 mcap (target: $6000)
  [10:26:58 AM] AVAULT: $5298 mcap (target: $6000)
  [10:27:00 AM] NSWAP: $5298 mcap (target: $6000)
  [10:27:02 AM] PCHAIN: $5291 mcap (target: $6000)
  [10:27:03 AM] SEEDG: $5325 mcap (target: $6000)
  [10:27:05 AM] SKNET: $5293 mcap (target: $6000)
  [10:27:07 AM] MDAO: $5454 mcap (target: $6000)
  [10:27:10 AM] TRELAY: $5354 mcap (target: $6000)
  [10:27:12 AM] CSIGN: $5502 mcap (target: $6000)
  [10:27:14 AM] SWARM: $5368 mcap (target: $6000)
  [10:27:31 AM] SEEKBOT: $5312 mcap (target: $6000)
  [10:27:32 AM] AVAULT: $5300 mcap (target: $6000)
  [10:27:34 AM] NSWAP: $5300 mcap (target: $6000)
  [10:27:36 AM] PCHAIN: $5293 mcap (target: $6000)
  [10:27:38 AM] SEEDG: $5327 mcap (target: $6000)
  [10:27:39 AM] SKNET: $5294 mcap (target: $6000)
  [10:27:40 AM] SKNET trade: mcap ~$2480 (buy)
  [10:27:41 AM] MDAO: $5456 mcap (target: $6000)
  [10:27:43 AM] TRELAY: $5356 mcap (target: $6000)
  [10:27:45 AM] CSIGN: $5504 mcap (target: $6000)
  [10:27:46 AM] SWARM: $5370 mcap (target: $6000)
  [10:28:04 AM] SEEKBOT: $5312 mcap (target: $6000)
  [10:28:05 AM] AVAULT: $5300 mcap (target: $6000)
  [10:28:07 AM] NSWAP: $5300 mcap (target: $6000)
  [10:28:09 AM] PCHAIN: $5293 mcap (target: $6000)
  [10:28:10 AM] SEEDG: $5327 mcap (target: $6000)
  [10:28:12 AM] SKNET: $5298 mcap (target: $6000)
  [10:28:14 AM] MDAO: $5456 mcap (target: $6000)
  [10:28:15 AM] TRELAY: $5356 mcap (target: $6000)
  [10:28:17 AM] CSIGN: $5504 mcap (target: $6000)
  [10:28:19 AM] SWARM: $5370 mcap (target: $6000)
  [10:28:29 AM] SWARM trade: mcap ~$2552 (buy)
  [10:28:36 AM] SEEKBOT: $5311 mcap (target: $6000)
  [10:28:39 AM] AVAULT: $5299 mcap (target: $6000)
  [10:28:41 AM] NSWAP: $5299 mcap (target: $6000)
  [10:28:42 AM] PCHAIN: $5292 mcap (target: $6000)
  [10:28:44 AM] SEEDG: $5326 mcap (target: $6000)
  [10:28:46 AM] SKNET: $5297 mcap (target: $6000)
  [10:28:48 AM] MDAO: $5456 mcap (target: $6000)
  [10:28:49 AM] TRELAY: $5356 mcap (target: $6000)
  [10:28:51 AM] CSIGN: $5503 mcap (target: $6000)
  [10:28:53 AM] SWARM: $5373 mcap (target: $6000)
  [10:29:10 AM] SEEKBOT: $5310 mcap (target: $6000)
  [10:29:12 AM] AVAULT: $5297 mcap (target: $6000)
  [10:29:13 AM] NSWAP: $5297 mcap (target: $6000)
  [10:29:15 AM] PCHAIN: $5290 mcap (target: $6000)
  [10:29:17 AM] SEEDG: $5324 mcap (target: $6000)
  [10:29:19 AM] SKNET: $5296 mcap (target: $6000)
  [10:29:20 AM] MDAO: $5454 mcap (target: $6000)
  [10:29:22 AM] TRELAY: $5354 mcap (target: $6000)
  [10:29:24 AM] CSIGN: $5501 mcap (target: $6000)
  [10:29:25 AM] SWARM: $5371 mcap (target: $6000)
  [10:29:35 AM] SEEDG trade: mcap ~$2498 (sell)
  [10:29:43 AM] SEEKBOT: $5310 mcap (target: $6000)
  [10:29:44 AM] AVAULT: $5297 mcap (target: $6000)
  [10:29:48 AM] NSWAP: $5297 mcap (target: $6000)
  [10:29:49 AM] PCHAIN: $5290 mcap (target: $6000)
  [10:29:51 AM] SEEDG: $5315 mcap (target: $6000)
  [10:29:53 AM] SKNET: $5296 mcap (target: $6000)
  [10:29:55 AM] MDAO: $5454 mcap (target: $6000)
  [10:29:56 AM] TRELAY: $5354 mcap (target: $6000)
  [10:29:58 AM] CSIGN: $5501 mcap (target: $6000)
  [10:30:00 AM] SWARM: $5371 mcap (target: $6000)
  [10:30:17 AM] SEEKBOT: $5310 mcap (target: $6000)
  [10:30:19 AM] AVAULT: $5297 mcap (target: $6000)
  [10:30:21 AM] NSWAP: $5297 mcap (target: $6000)
  [10:30:22 AM] PCHAIN: $5290 mcap (target: $6000)
  [10:30:24 AM] SEEDG: $5315 mcap (target: $6000)
  [10:30:26 AM] SKNET: $5296 mcap (target: $6000)
  [10:30:27 AM] MDAO: $5454 mcap (target: $6000)
  [10:30:29 AM] TRELAY: $5354 mcap (target: $6000)
  [10:30:31 AM] CSIGN: $5501 mcap (target: $6000)
  [10:30:33 AM] SWARM: $5371 mcap (target: $6000)
  [10:30:50 AM] SEEKBOT: $5310 mcap (target: $6000)
  [10:30:53 AM] AVAULT: $5297 mcap (target: $6000)
  [10:30:54 AM] NSWAP: $5297 mcap (target: $6000)
  [10:30:56 AM] PCHAIN: $5290 mcap (target: $6000)
  [10:30:58 AM] SEEDG: $5315 mcap (target: $6000)
  [10:31:00 AM] SKNET: $5296 mcap (target: $6000)
  [10:31:02 AM] MDAO: $5454 mcap (target: $6000)
  [10:31:03 AM] TRELAY: $5354 mcap (target: $6000)
  [10:31:05 AM] SEEKBOT trade: mcap ~$2496 (buy)
  [10:31:05 AM] CSIGN: $5501 mcap (target: $6000)
  [10:31:07 AM] SWARM: $5371 mcap (target: $6000)
