=== Pump.fun Launch Scanner ===

Min score to alert: 5
Show all: false

Connecting...

Connected. Watching for new launches...


★★ [9:55:24 AM] #2 SCORE: 5/10
  Memes of War ($MOW)
  Mint: AfB9xD3WgL1RaRFHv75F7hUymTNfeRcqH4EGDAshGPCZ
  Pump: https://pump.fun/coin/AfB9xD3WgL1RaRFHv75F7hUymTNfeRcqH4EGDAshGPCZ
  Signals: devBuy:4.94SOL, cleanName, cleanSymbol, trend:meme

★★ [9:55:24 AM] #3 SCORE: 5/10
  Memes of War ($MOW)
  Mint: AfB9xD3WgL1RaRFHv75F7hUymTNfeRcqH4EGDAshGPCZ
  Pump: https://pump.fun/coin/AfB9xD3WgL1RaRFHv75F7hUymTNfeRcqH4EGDAshGPCZ
  Signals: devBuy:4.94SOL, cleanName, cleanSymbol, trend:meme

★★ [9:55:40 AM] #7 SCORE: 5/10
  DomoAI ($DOMO)
  Mint: E3JscifEnfAuMZ58UDdvKudBsj2Xo4T17WXs8ZtMpump
  Pump: https://pump.fun/coin/E3JscifEnfAuMZ58UDdvKudBsj2Xo4T17WXs8ZtMpump
  Signals: devBuy:3.95SOL, cleanName, cleanSymbol, trend:ai

★★ [9:56:17 AM] #21 SCORE: 5/10
  DomoAI ($DOMO)
  Mint: A4WBHJZW9TCHbioxDH4vPDXLRRJcGk3q8ciq7tWZpump
  Pump: https://pump.fun/coin/A4WBHJZW9TCHbioxDH4vPDXLRRJcGk3q8ciq7tWZpump
  Signals: devBuy:3.90SOL, cleanName, cleanSymbol, trend:ai

★★ [9:56:31 AM] #27 SCORE: 5/10
  DomoAI ($DOMO)
  Mint: 2cPRyvH9WvU31eU3KMgYJVeAQxn66xA8ur6zEjcTpump
  Pump: https://pump.fun/coin/2cPRyvH9WvU31eU3KMgYJVeAQxn66xA8ur6zEjcTpump
  Signals: devBuy:2.96SOL, cleanName, cleanSymbol, trend:ai

★★ [9:56:42 AM] #35 SCORE: 5/10
  DomoAI ($DOMO)
  Mint: AJedgFM3vjAU67VU1A61vgrVdbL9KMYQUJTFDtk3pump
  Pump: https://pump.fun/coin/AJedgFM3vjAU67VU1A61vgrVdbL9KMYQUJTFDtk3pump
  Signals: devBuy:2.96SOL, cleanName, cleanSymbol, trend:ai

★★ [9:56:46 AM] #36 SCORE: 5/10
  DomoAI ($DOMO)
  Mint: GYLpnoEndq2caxbzbqYWP9PNDk4k6qVGGVtRPHrGpump
  Pump: https://pump.fun/coin/GYLpnoEndq2caxbzbqYWP9PNDk4k6qVGGVtRPHrGpump
  Signals: devBuy:2.57SOL, cleanName, cleanSymbol, trend:ai

★★ [9:56:47 AM] #38 SCORE: 5/10
  DomoAI ($DOMO)
  Mint: DYVj1FVwBZQnyTz6J1nUy7T9jJPNNpQ5uZ8Ytrmqpump
  Pump: https://pump.fun/coin/DYVj1FVwBZQnyTz6J1nUy7T9jJPNNpQ5uZ8Ytrmqpump
  Signals: devBuy:3.50SOL, cleanName, cleanSymbol, trend:ai

★★ [9:56:47 AM] #39 SCORE: 5/10
  DomoAI ($DOMO)
  Mint: Dsa1QQMyL96yKyMkS9g7uCEyTd3k98gWfTVpKeWLpump
  Pump: https://pump.fun/coin/Dsa1QQMyL96yKyMkS9g7uCEyTd3k98gWfTVpKeWLpump
  Signals: devBuy:2.96SOL, cleanName, cleanSymbol, trend:ai

★★ [9:56:54 AM] #41 SCORE: 5/10
  DomoAI ($DOMO)
  Mint: 4m819FXAtztwoHFTVWTQksLwf2UuDczNLvPxvDwNj9Yp
  Pump: https://pump.fun/coin/4m819FXAtztwoHFTVWTQksLwf2UuDczNLvPxvDwNj9Yp
  Signals: devBuy:1.00SOL, cleanName, cleanSymbol, trend:ai

★★ [9:57:07 AM] #43 SCORE: 5/10
  DomoAI ($DOMO)
  Mint: 4Abpqv2v6gaAAQZ1s6G1rZa5CWhLktg46yMYhXUDpump
  Pump: https://pump.fun/coin/4Abpqv2v6gaAAQZ1s6G1rZa5CWhLktg46yMYhXUDpump
  Signals: devBuy:3.95SOL, cleanName, cleanSymbol, trend:ai

★★ [9:57:13 AM] #46 SCORE: 5/10
  DomoAI ($DOMO)
  Mint: J6zAaT1GCUKNKKWRyJiamUUwjxwW4ZPTdojcRTM1pump
  Pump: https://pump.fun/coin/J6zAaT1GCUKNKKWRyJiamUUwjxwW4ZPTdojcRTM1pump
  Signals: devBuy:3.00SOL, cleanName, cleanSymbol, trend:ai

★★ [9:57:18 AM] #47 SCORE: 5/10
  DomoAI ($DOMO)
  Mint: 9u61T3DUHGEHZ1Hep2otvhUF71JS6FxSYrVjAcKjpVo2
  Pump: https://pump.fun/coin/9u61T3DUHGEHZ1Hep2otvhUF71JS6FxSYrVjAcKjpVo2
  Signals: devBuy:1.98SOL, cleanName, cleanSymbol, trend:ai

★★ [9:58:25 AM] #69 SCORE: 5/10
  DomoAI ($DOMO)
  Mint: Cp3tNb4xH1HmsPqDFd3yzvSzDxwHXbbvrCqvWznWpump
  Pump: https://pump.fun/coin/Cp3tNb4xH1HmsPqDFd3yzvSzDxwHXbbvrCqvWznWpump
  Signals: devBuy:3.00SOL, cleanName, cleanSymbol, trend:ai

--- Stats: 131 tokens scanned, 14 high-score (10.7%) ---


★★ [10:02:21 AM] #169 SCORE: 5/10
  DomoAI ($DOMO)
  Mint: C9cgfqFTjVNeAFM5DChwhYYZqJCRuyGH4XXvXq9Cpump
  Pump: https://pump.fun/coin/C9cgfqFTjVNeAFM5DChwhYYZqJCRuyGH4XXvXq9Cpump
  Signals: devBuy:3.90SOL, cleanName, cleanSymbol, trend:ai

★★ [10:02:22 AM] #170 SCORE: 5/10
  DomoAI ($DOMO)
  Mint: DVKv6hU9XGsAU5qsutYTpT9MhPsr9szAWXrCK4Dgpump
  Pump: https://pump.fun/coin/DVKv6hU9XGsAU5qsutYTpT9MhPsr9szAWXrCK4Dgpump
  Signals: devBuy:3.90SOL, cleanName, cleanSymbol, trend:ai

★★ [10:02:31 AM] #172 SCORE: 5/10
  DomoAI ($DOMO)
  Mint: EoYA7bvatgsuuRDTyyqxsEMLuJjq1DKTXioiPHuxpump
  Pump: https://pump.fun/coin/EoYA7bvatgsuuRDTyyqxsEMLuJjq1DKTXioiPHuxpump
  Signals: devBuy:3.26SOL, cleanName, cleanSymbol, trend:ai

★★ [10:02:32 AM] #173 SCORE: 5/10
  DomoAI ($DOMO)
  Mint: q7wctJNS581SJBHC7nKUrGPrww3gHMLFBxJjvw3pump
  Pump: https://pump.fun/coin/q7wctJNS581SJBHC7nKUrGPrww3gHMLFBxJjvw3pump
  Signals: devBuy:4.94SOL, cleanName, cleanSymbol, trend:ai

★★ [10:03:59 AM] #211 SCORE: 5/10
  DomoAI ($DOMO)
  Mint: EcNFYpuCjGnnqyrCWHYDbmQg4v2oXLVu5YartLcApump
  Pump: https://pump.fun/coin/EcNFYpuCjGnnqyrCWHYDbmQg4v2oXLVu5YartLcApump
  Signals: devBuy:1.48SOL, cleanName, cleanSymbol, trend:ai

--- Stats: 239 tokens scanned, 19 high-score (7.9%) ---


★★ [10:05:52 AM] #267 SCORE: 5/10
  DomoAI ($DOMO)
  Mint: AHu7f99cpgpUj63wXZjHhaEHwkmCjEZ3szQ1JkUbpump
  Pump: https://pump.fun/coin/AHu7f99cpgpUj63wXZjHhaEHwkmCjEZ3szQ1JkUbpump
  Signals: devBuy:1.98SOL, cleanName, cleanSymbol, trend:ai

★★ [10:07:38 AM] #331 SCORE: 5/10
  AI Reality Kernel ($ARK)
  Mint: ArL2yaCw3CqDv9TNQJkeRbM842cofV8hjFih2en2pump
  Pump: https://pump.fun/coin/ArL2yaCw3CqDv9TNQJkeRbM842cofV8hjFih2en2pump
  Signals: devBuy:0.99SOL, cleanName, cleanSymbol, trend:ai

★★ [10:09:30 AM] #393 SCORE: 5/10
  AI Reality Kernel ($ARK)
  Mint: HAK5pCQq9cbZXyroe6LSgQvKvbXPEUm4kvcXDzUypump
  Pump: https://pump.fun/coin/HAK5pCQq9cbZXyroe6LSgQvKvbXPEUm4kvcXDzUypump
  Signals: devBuy:0.99SOL, cleanName, cleanSymbol, trend:ai

★★ [10:10:16 AM] #414 SCORE: 5/10
  Signal Agent ($SIGNAL)
  Mint: CSMvTg5R6sUErCxrr8kZQ11WPVyFkRdkBGrNHraapump
  Pump: https://pump.fun/coin/CSMvTg5R6sUErCxrr8kZQ11WPVyFkRdkBGrNHraapump
  Signals: devBuy:1.48SOL, cleanName, cleanSymbol, trend:agent

--- Stats: 427 tokens scanned, 23 high-score (5.4%) ---


★★ [10:11:01 AM] #455 SCORE: 5/10
  Solana take over ($STO)
  Mint: 8VnDMmwHw2VeBUNFwNTzP8LfN5fQeDbPGEHSmEbJopYR
  Pump: https://pump.fun/coin/8VnDMmwHw2VeBUNFwNTzP8LfN5fQeDbPGEHSmEbJopYR
  Signals: devBuy:4.94SOL, cleanName, cleanSymbol, trend:solana

★★ [10:11:01 AM] #456 SCORE: 5/10
  Solana take over ($STO)
  Mint: 8VnDMmwHw2VeBUNFwNTzP8LfN5fQeDbPGEHSmEbJopYR
  Pump: https://pump.fun/coin/8VnDMmwHw2VeBUNFwNTzP8LfN5fQeDbPGEHSmEbJopYR
  Signals: devBuy:4.94SOL, cleanName, cleanSymbol, trend:solana

★★ [10:11:21 AM] #465 SCORE: 5/10
  Bomber Meme ($BOMBER)
  Mint: CGmNHuoGXMwzkpP6sspbBn8mM3mngwyPucsjpe2upump
  Pump: https://pump.fun/coin/CGmNHuoGXMwzkpP6sspbBn8mM3mngwyPucsjpe2upump
  Signals: devBuy:0.99SOL, cleanName, cleanSymbol, trend:meme

★★ [10:13:29 AM] #532 SCORE: 5/10
  CAL AI ($CAL)
  Mint: 96dEsa9wz35gsY9gz8HCvCarv89DUp6UwDNTqSdtpump
  Pump: https://pump.fun/coin/96dEsa9wz35gsY9gz8HCvCarv89DUp6UwDNTqSdtpump
  Signals: devBuy:2.96SOL, cleanName, cleanSymbol, trend:ai

--- Stats: 575 tokens scanned, 27 high-score (4.7%) ---


★★ [10:15:45 AM] #589 SCORE: 5/10
  Found Again ($HOME)
  Mint: J1j196x8Mxhsne92pBdYkrEqVKfLqEQKKE9A1zLKpump
  Pump: https://pump.fun/coin/J1j196x8Mxhsne92pBdYkrEqVKfLqEQKKE9A1zLKpump
  Signals: devBuy:3.47SOL, cleanName, cleanSymbol, trend:ai

★★ [10:15:58 AM] #596 SCORE: 5/10
  The Faithful Dog ($YORN)
  Mint: 74PqBB4GTrTqx6JnRPiDFomRm52LppxYuo3KPbYXpump
  Pump: https://pump.fun/coin/74PqBB4GTrTqx6JnRPiDFomRm52LppxYuo3KPbYXpump
  Signals: devBuy:0.99SOL, cleanName, cleanSymbol, trend:ai

★★ [10:17:00 AM] #623 SCORE: 5/10
  DomoAI ($DOMO)
  Mint: VVXcRndtvXZKUABw7hoYxPyVpkKwooppA7GbaiApump
  Pump: https://pump.fun/coin/VVXcRndtvXZKUABw7hoYxPyVpkKwooppA7GbaiApump
  Signals: devBuy:1.47SOL, cleanName, cleanSymbol, trend:ai

★★ [10:18:23 AM] #645 SCORE: 5/10
  Angel Investor ($AI)
  Mint: 2pHTF9pZ4sEYfYQCTyeZM64Zk1jeRrNxyfDidHb7p2TS
  Pump: https://pump.fun/coin/2pHTF9pZ4sEYfYQCTyeZM64Zk1jeRrNxyfDidHb7p2TS
  Signals: devBuy:1.98SOL, cleanName, cleanSymbol, trend:ai

--- Stats: 695 tokens scanned, 31 high-score (4.5%) ---


★★ [10:20:32 AM] #700 SCORE: 5/10
  Angel Investor ($AI)
  Mint: 6mKmnefNoB25kDxuh9xU35YVWAusSyTM4H35BBQapump
  Pump: https://pump.fun/coin/6mKmnefNoB25kDxuh9xU35YVWAusSyTM4H35BBQapump
  Signals: devBuy:1.98SOL, cleanName, cleanSymbol, trend:ai

★★ [10:24:42 AM] #831 SCORE: 5/10
  WAIT BUT WHY ($WHY)
  Mint: EnzKFaaEKYJBvSNVYcbdt7CsVJPAVCgjPL2TDENrjYfR
  Pump: https://pump.fun/coin/EnzKFaaEKYJBvSNVYcbdt7CsVJPAVCgjPL2TDENrjYfR
  Signals: devBuy:8.89SOL, cleanName, cleanSymbol, trend:ai

★★ [10:24:42 AM] #832 SCORE: 5/10
  WAIT BUT WHY ($WHY)
  Mint: EnzKFaaEKYJBvSNVYcbdt7CsVJPAVCgjPL2TDENrjYfR
  Pump: https://pump.fun/coin/EnzKFaaEKYJBvSNVYcbdt7CsVJPAVCgjPL2TDENrjYfR
  Signals: devBuy:8.89SOL, cleanName, cleanSymbol, trend:ai

★★ [10:24:46 AM] #836 SCORE: 5/10
  the ai revolution ($AI)
  Mint: Hjar4NzxuNgpchQZCBcYRXGeWy5HWFMj523sC1vNpump
  Pump: https://pump.fun/coin/Hjar4NzxuNgpchQZCBcYRXGeWy5HWFMj523sC1vNpump
  Signals: devBuy:4.00SOL, cleanName, cleanSymbol, trend:ai

--- Stats: 864 tokens scanned, 35 high-score (4.1%) ---


★★ [10:26:49 AM] #921 SCORE: 5/10
  AI Coin ($AI)
  Mint: 5qrdv8VaLbist3jibic6D7xe57V592q4sVrCY4VYpump
  Pump: https://pump.fun/coin/5qrdv8VaLbist3jibic6D7xe57V592q4sVrCY4VYpump
  Signals: devBuy:2.96SOL, cleanName, cleanSymbol, trend:ai

★★ [10:27:35 AM] #938 SCORE: 5/10
  AI Coin ($AI)
  Mint: 9LSiDouQj4RhpJK7SkrxYon9jJPpyX5fZR98LqMgpump
  Pump: https://pump.fun/coin/9LSiDouQj4RhpJK7SkrxYon9jJPpyX5fZR98LqMgpump
  Signals: devBuy:2.96SOL, cleanName, cleanSymbol, trend:ai

★★ [10:27:58 AM] #945 SCORE: 5/10
  Trump meme format ($TMF)
  Mint: DDCWKfAKTgtKR2WHmvhgePzisoBXctoxynyWR4Ytpump
  Pump: https://pump.fun/coin/DDCWKfAKTgtKR2WHmvhgePzisoBXctoxynyWR4Ytpump
  Signals: devBuy:2.96SOL, cleanName, cleanSymbol, trend:meme

★★ [10:30:12 AM] #989 SCORE: 5/10
  Lady Trump ($LADY)
  Mint: CW11jYxvXhRonF9LLWtiSAgbYbBXTcwEXAqkgrCupump
  Pump: https://pump.fun/coin/CW11jYxvXhRonF9LLWtiSAgbYbBXTcwEXAqkgrCupump
  Signals: devBuy:0.99SOL, cleanName, cleanSymbol, trend:trump

★★ [10:30:12 AM] #990 SCORE: 5/10
  The Anti AI Pug ($BRUNO)
  Mint: 6Riiui713UDLdqqgS9YqEUt6uDa7d99sqh3vbVJquhkw
  Pump: https://pump.fun/coin/6Riiui713UDLdqqgS9YqEUt6uDa7d99sqh3vbVJquhkw
  Signals: devBuy:2.70SOL, cleanName, cleanSymbol, trend:ai

--- Stats: 992 tokens scanned, 40 high-score (4.0%) ---

